A D/AVR////
A D/Atmel////
A D/Console2////
A D/Delcom////
A D/Fonts////
A D/Friends////
A D/Genealogy////
A D/GrepAll////
A D/HomeAuto////
A D/LSL////
A D/Language////
A D/Lib////
A D/Media////
A D/Monitor////
A D/NewMenu////
A D/PB1////
A D/ParallelPort////
A D/Plotting////
A D/RTOS-JB////
A D/Rodulator////
A D/Sound////
A D/TriMet////
A D/Wassup////
A D/WhosWho////
A D/design////
A D/ev////
A D/pp////
A D/runaway////
A D/sims////
A D/slink-e////
A D/tc////
A D/utils////
A D/vid////
A D/wsGlade-Test1////
